<?xml version="1.0" encoding="UTF-8"?>
<!-- Generated by org.testng.reporters.JUnitReportReporter -->
<testsuite hostname="USDLSMVDIF00637" name="mapsynq_automation.DemoTest" tests="1" failures="0" timestamp="31 Jul 2019 13:19:34 GMT" time="21.894" errors="0">
  <testcase name="ClickandValidateIncident" time="21.894" classname="mapsynq_automation.DemoTest"/>
</testsuite> <!-- mapsynq_automation.DemoTest -->
