<?xml version="1.0" encoding="UTF-8"?>
<!-- Generated by org.testng.reporters.JUnitReportReporter -->
<testsuite hostname="dell" name="mapsynq_automation.DemoTest" tests="1" failures="0" timestamp="29 Jul 2019 04:08:38 GMT" time="31.573" errors="0">
  <testcase name="f" time="31.573" classname="mapsynq_automation.DemoTest"/>
</testsuite> <!-- mapsynq_automation.DemoTest -->
