<?xml version="1.0" encoding="UTF-8"?>
<!-- Generated by org.testng.reporters.JUnitReportReporter -->
<testsuite hostname="USDLSMVDIF00637" name="mapsynq_automation.DemoTest" tests="1" failures="0" timestamp="30 Jul 2019 09:29:47 GMT" time="108.664" errors="0">
  <testcase name="ClickandValidateIncident" time="108.664" classname="mapsynq_automation.DemoTest"/>
</testsuite> <!-- mapsynq_automation.DemoTest -->
