<?xml version="1.0" encoding="UTF-8"?>
<!-- Generated by org.testng.reporters.JUnitReportReporter -->
<testsuite hostname="USDLSMVDIF00637" name="mapsynq_automation.LandingPage" tests="1" failures="0" timestamp="31 Jul 2019 13:19:32 GMT" time="19.812" errors="0">
  <testcase name="GetElementAndValidate" time="19.812" classname="mapsynq_automation.LandingPage"/>
</testsuite> <!-- mapsynq_automation.LandingPage -->
